<?xml version="1.0" encoding="UTF-8"?>
<!-- Generated by org.testng.reporters.JUnitXMLReporter -->
<testsuite ignored="0" hostname="197nodnb11637t1" failures="1" tests="1" name="Test" time="65.511" errors="0" timestamp="08 Jun 2020 12:53:04 GMT">
  <testcase classname="testng.day5" name="init" time="65.22">
    <failure type="org.openqa.selenium.SessionNotCreatedException" message="session not created: This version of ChromeDriver only supports Chrome version 81
Build info: version: &amp;apos;3.141.59&amp;apos;, revision: &amp;apos;e82be7d358&amp;apos;, time: &amp;apos;2018-11-14T08:17:03&amp;apos;
System info: host: &amp;apos;197NODNB11637T1&amp;apos;, ip: &amp;apos;192.168.0.106&amp;apos;, os.name: &amp;apos;Windows 10&amp;apos;, os.arch: &amp;apos;amd64&amp;apos;, os.version: &amp;apos;10.0&amp;apos;, java.version: &amp;apos;9.0.4&amp;apos;
Driver info: driver.version: ChromeDriver
remote stacktrace: Backtrace:
	Ordinal0 [0x00E65F73+2449267]
	Ordinal0 [0x00D98361+1606497]
	Ordinal0 [0x00C8F969+522601]
	Ordinal0 [0x00C205F3+67059]
	Ordinal0 [0x00C1CD92+52626]
	Ordinal0 [0x00C3C127+180519]
	Ordinal0 [0x00C3BF2D+180013]
	Ordinal0 [0x00C39E5B+171611]
	Ordinal0 [0x00C21DD8+73176]
	Ordinal0 [0x00C22E50+77392]
	Ordinal0 [0x00C22DE9+77289]
	Ordinal0 [0x00DAD8D7+1693911]
	GetHandleVerifier [0x00F04036+522726]
	GetHandleVerifier [0x00F03D74+522020]
	GetHandleVerifier [0x00F19187+609079]
	GetHandleVerifier [0x00F048A6+524886]
	Ordinal0 [0x00DA5CBC+1662140]
	Ordinal0 [0x00DAF23B+1700411]
	Ordinal0 [0x00DAF3A3+1700771]
	Ordinal0 [0x00DC5215+1790485]
	BaseThreadInitThunk [0x76156359+25]
	RtlGetAppContainerNamedObjectPath [0x76F37B74+228]
	RtlGetAppContainerNamedObjectPath [0x76F37B44+180]
">
      <![CDATA[org.openqa.selenium.SessionNotCreatedException: session not created: This version of ChromeDriver only supports Chrome version 81
Build info: version: '3.141.59', revision: 'e82be7d358', time: '2018-11-14T08:17:03'
System info: host: '197NODNB11637T1', ip: '192.168.0.106', os.name: 'Windows 10', os.arch: 'amd64', os.version: '10.0', java.version: '9.0.4'
Driver info: driver.version: ChromeDriver
remote stacktrace: Backtrace:
Ordinal0 [0x00E65F73+2449267]
Ordinal0 [0x00D98361+1606497]
Ordinal0 [0x00C8F969+522601]
Ordinal0 [0x00C205F3+67059]
Ordinal0 [0x00C1CD92+52626]
Ordinal0 [0x00C3C127+180519]
Ordinal0 [0x00C3BF2D+180013]
Ordinal0 [0x00C39E5B+171611]
Ordinal0 [0x00C21DD8+73176]
Ordinal0 [0x00C22E50+77392]
Ordinal0 [0x00C22DE9+77289]
Ordinal0 [0x00DAD8D7+1693911]
GetHandleVerifier [0x00F04036+522726]
GetHandleVerifier [0x00F03D74+522020]
GetHandleVerifier [0x00F19187+609079]
GetHandleVerifier [0x00F048A6+524886]
Ordinal0 [0x00DA5CBC+1662140]
Ordinal0 [0x00DAF23B+1700411]
Ordinal0 [0x00DAF3A3+1700771]
Ordinal0 [0x00DC5215+1790485]
BaseThreadInitThunk [0x76156359+25]
RtlGetAppContainerNamedObjectPath [0x76F37B74+228]
RtlGetAppContainerNamedObjectPath [0x76F37B44+180]

at org.openqa.selenium.remote.W3CHandshakeResponse.lambda$errorHandler$0(W3CHandshakeResponse.java:62)
at org.openqa.selenium.remote.HandshakeResponse.lambda$getResponseFunction$0(HandshakeResponse.java:30)
at org.openqa.selenium.remote.ProtocolHandshake.lambda$createSession$0(ProtocolHandshake.java:126)
at java.base/java.util.stream.ReferencePipeline$3$1.accept(Unknown Source)
at java.base/java.util.Spliterators$ArraySpliterator.tryAdvance(Unknown Source)
at java.base/java.util.stream.ReferencePipeline.forEachWithCancel(Unknown Source)
at java.base/java.util.stream.AbstractPipeline.copyIntoWithCancel(Unknown Source)
at java.base/java.util.stream.AbstractPipeline.copyInto(Unknown Source)
at java.base/java.util.stream.AbstractPipeline.wrapAndCopyInto(Unknown Source)
at java.base/java.util.stream.FindOps$FindOp.evaluateSequential(Unknown Source)
at java.base/java.util.stream.AbstractPipeline.evaluate(Unknown Source)
at java.base/java.util.stream.ReferencePipeline.findFirst(Unknown Source)
at org.openqa.selenium.remote.ProtocolHandshake.createSession(ProtocolHandshake.java:128)
at org.openqa.selenium.remote.ProtocolHandshake.createSession(ProtocolHandshake.java:74)
at org.openqa.selenium.remote.HttpCommandExecutor.execute(HttpCommandExecutor.java:136)
at org.openqa.selenium.remote.service.DriverCommandExecutor.execute(DriverCommandExecutor.java:83)
at org.openqa.selenium.remote.RemoteWebDriver.execute(RemoteWebDriver.java:552)
at org.openqa.selenium.remote.RemoteWebDriver.startSession(RemoteWebDriver.java:213)
at org.openqa.selenium.remote.RemoteWebDriver.<init>(RemoteWebDriver.java:131)
at org.openqa.selenium.chrome.ChromeDriver.<init>(ChromeDriver.java:181)
at org.openqa.selenium.chrome.ChromeDriver.<init>(ChromeDriver.java:168)
at org.openqa.selenium.chrome.ChromeDriver.<init>(ChromeDriver.java:123)
at testng.day5.init(day5.java:47)
... Removed 29 stack frames]]>
    </failure>
  </testcase> <!-- init -->
</testsuite> <!-- Test -->
